<?xml version="1.0" encoding="UTF-8"?>
<!-- Generated by org.testng.reporters.JUnitReportReporter -->
<testsuite hostname="Lenovo-PC" failures="0" tests="1" name="com.SBI.SCO.runners.TestRunner" time="12.781" errors="0" timestamp="2025-01-02T10:31:52 IST" skipped="0">
  <testcase classname="com.SBI.SCO.runners.TestRunner" name="runScenario" time="12.781"/>
</testsuite> <!-- com.SBI.SCO.runners.TestRunner -->
